<?xml version="1.0" encoding="UTF-8"?>
<testsuite xmlns:xsi="http://www.w3.org/2001/XMLSchema-instance" xsi:noNamespaceSchemaLocation="https://maven.apache.org/surefire/maven-surefire-plugin/xsd/surefire-test-report.xsd" name="com.example.CalculadoraTest" time="0.017" tests="8" errors="0" skipped="0" failures="0">
  <properties>
[...]
</properties>
  <testcase name="testSomarPosComNeg" classname="com.example.CalculadoraTest" time="0.017"/>
  <testcase name="testSubtrair" classname="com.example.CalculadoraTest" time="0"/>
  <testcase name="testSomar" classname="com.example.CalculadoraTest" time="0"/>
  <testcase name="testMultiplicar" classname="com.example.CalculadoraTest" time="0"/>
  <testcase name="testDividirPosComNeg" classname="com.example.CalculadoraTest" time="0"/>
  <testcase name="testSubtrairPosComNeg" classname="com.example.CalculadoraTest" time="0"/>
  <testcase name="testDividir" classname="com.example.CalculadoraTest" time="0"/>
  <testcase name="testMultiplicarPosComNeg" classname="com.example.CalculadoraTest" time="0"/>
</testsuite>